#
# There is insufficient memory for the Java Runtime Environment to continue.
# Native memory allocation (mmap) failed to map 65536 bytes for Failed to commit metaspace.
# Possible reasons:
#   The system is out of physical RAM or swap space
#   The process is running with CompressedOops enabled, and the Java Heap may be blocking the growth of the native heap
# Possible solutions:
#   Reduce memory load on the system
#   Increase physical memory or swap space
#   Check if swap backing store is full
#   Decrease Java heap size (-Xmx/-Xms)
#   Decrease number of Java threads
#   Decrease Java thread stack sizes (-Xss)
#   Set larger code cache with -XX:ReservedCodeCacheSize=
#   JVM is running with Zero Based Compressed Oops mode in which the Java heap is
#     placed in the first 32GB address space. The Java Heap base address is the
#     maximum limit for the native heap growth. Please use -XX:HeapBaseMinAddress
#     to set the Java Heap base and to place the Java Heap above 32GB virtual address.
# This output file may be truncated or incomplete.
#
#  Out of Memory Error (virtualSpaceNode.cpp:110), pid=13416, tid=17772
#
# JRE version: Java(TM) SE Runtime Environment (18.0.1.1+2) (build 18.0.1.1+2-6)
# Java VM: Java HotSpot(TM) 64-Bit Server VM (18.0.1.1+2-6, mixed mode, sharing, tiered, compressed oops, compressed class ptrs, g1 gc, windows-amd64)
# No core dump will be written. Minidumps are not enabled by default on client versions of Windows
#

---------------  S U M M A R Y ------------

Command Line: -Dfile.encoding=UTF-8 vista.grafoejemplo.FrmEnvio

Host: AMD Ryzen 5 3400G with Radeon Vega Graphics    , 8 cores, 15G,  Windows 10 , 64 bit Build 19041 (10.0.19041.3155)
Time: Thu Aug  3 18:02:02 2023 Hora est. Pacífico, Sudamérica elapsed time: 2.238912 seconds (0d 0h 0m 2s)

---------------  T H R E A D  ---------------

Current thread (0x000002e07fce1240):  JavaThread "C1 CompilerThread0" daemon [_thread_in_vm, id=17772, stack(0x000000e371e00000,0x000000e371f00000)]


Current CompileTask:
C1:   2239 2756 %     3       sun.java2d.marlin.Renderer::_endRendering @ 784 (2480 bytes)

Stack: [0x000000e371e00000,0x000000e371f00000]
Native frames: (J=compiled Java code, j=interpreted, Vv=VM code, C=native code)
V  [jvm.dll+0x69887a]
V  [jvm.dll+0x7f38bd]
V  [jvm.dll+0x7f51ce]
V  [jvm.dll+0x7f5883]
V  [jvm.dll+0x25ca3f]
V  [jvm.dll+0x7ef5cb]
V  [jvm.dll+0x63ea76]
V  [jvm.dll+0x1d721e]
V  [jvm.dll+0x64141b]
V  [jvm.dll+0x64121e]
V  [jvm.dll+0x63f43e]
V  [jvm.dll+0x650d9a]
V  [jvm.dll+0x649c8a]
V  [jvm.dll+0x1e4700]
V  [jvm.dll+0x1e48e6]
V  [jvm.dll+0x1485de]
V  [jvm.dll+0x148926]
V  [jvm.dll+0x147d9a]
V  [jvm.dll+0x149a81]
V  [jvm.dll+0x23e8ca]
V  [jvm.dll+0x23cbb5]
V  [jvm.dll+0x7a5fb1]
V  [jvm.dll+0x7a03ea]
V  [jvm.dll+0x697725]
C  [ucrtbase.dll+0x21bb2]
C  [KERNEL32.DLL+0x17614]
C  [ntdll.dll+0x526b1]


---------------  P R O C E S S  ---------------

Threads class SMR info:
_java_thread_list=0x000002e02fd0e2d0, length=19, elements={
0x000002e07fc92b40, 0x000002e07fc936b0, 0x000002e07fcaecd0, 0x000002e07fcb0590,
0x000002e07fcb1660, 0x000002e07fcb64c0, 0x000002e07fcd8940, 0x000002e07fce1240,
0x000002e07fced320, 0x000002e01d1f7de0, 0x000002e01d1fa930, 0x000002e01d4f0020,
0x000002e01d4f2d10, 0x000002e01d4f35e0, 0x000002e01e01d050, 0x000002e073ea3b40,
0x000002e02e4352b0, 0x000002e02e48bad0, 0x000002e02fcad420
}

Java Threads: ( => current thread )
  0x000002e07fc92b40 JavaThread "Reference Handler" daemon [_thread_blocked, id=19184, stack(0x000000e371700000,0x000000e371800000)]
  0x000002e07fc936b0 JavaThread "Finalizer" daemon [_thread_blocked, id=17468, stack(0x000000e371800000,0x000000e371900000)]
  0x000002e07fcaecd0 JavaThread "Signal Dispatcher" daemon [_thread_blocked, id=3640, stack(0x000000e371900000,0x000000e371a00000)]
  0x000002e07fcb0590 JavaThread "Attach Listener" daemon [_thread_blocked, id=2344, stack(0x000000e371a00000,0x000000e371b00000)]
  0x000002e07fcb1660 JavaThread "Service Thread" daemon [_thread_blocked, id=12420, stack(0x000000e371b00000,0x000000e371c00000)]
  0x000002e07fcb64c0 JavaThread "Monitor Deflation Thread" daemon [_thread_blocked, id=15516, stack(0x000000e371c00000,0x000000e371d00000)]
  0x000002e07fcd8940 JavaThread "C2 CompilerThread0" daemon [_thread_in_native, id=5092, stack(0x000000e371d00000,0x000000e371e00000)]
=>0x000002e07fce1240 JavaThread "C1 CompilerThread0" daemon [_thread_in_vm, id=17772, stack(0x000000e371e00000,0x000000e371f00000)]
  0x000002e07fced320 JavaThread "Sweeper thread" daemon [_thread_blocked, id=19088, stack(0x000000e371f00000,0x000000e372000000)]
  0x000002e01d1f7de0 JavaThread "Notification Thread" daemon [_thread_blocked, id=13920, stack(0x000000e372000000,0x000000e372100000)]
  0x000002e01d1fa930 JavaThread "Common-Cleaner" daemon [_thread_blocked, id=18948, stack(0x000000e372200000,0x000000e372300000)]
  0x000002e01d4f0020 JavaThread "Java2D Disposer" daemon [_thread_blocked, id=18308, stack(0x000000e372300000,0x000000e372400000)]
  0x000002e01d4f2d10 JavaThread "AWT-Shutdown" [_thread_blocked, id=4476, stack(0x000000e372400000,0x000000e372500000)]
  0x000002e01d4f35e0 JavaThread "AWT-Windows" daemon [_thread_in_native, id=21268, stack(0x000000e372500000,0x000000e372600000)]
  0x000002e01e01d050 JavaThread "AWT-EventQueue-0" [_thread_in_native, id=2936, stack(0x000000e372600000,0x000000e372700000)]
  0x000002e073ea3b40 JavaThread "DestroyJavaVM" [_thread_blocked, id=2684, stack(0x000000e371000000,0x000000e371100000)]
  0x000002e02e4352b0 JavaThread "C2 CompilerThread1" daemon [_thread_in_native, id=19700, stack(0x000000e372f00000,0x000000e373000000)]
  0x000002e02e48bad0 JavaThread "C2 CompilerThread2" daemon [_thread_blocked, id=10276, stack(0x000000e373000000,0x000000e373100000)]
  0x000002e02fcad420 JavaThread "D3D Screen Updater" daemon [_thread_blocked, id=6404, stack(0x000000e373c00000,0x000000e373d00000)]

Other Threads:
  0x000002e073f36c80 VMThread "VM Thread" [stack: 0x000000e371600000,0x000000e371700000] [id=276]
  0x000002e01d1fa2b0 WatcherThread "VM Periodic Task Thread" [stack: 0x000000e372100000,0x000000e372200000] [id=19388]
  0x000002e073f14190 WorkerThread "GC Thread#0" [stack: 0x000000e371100000,0x000000e371200000] [id=13300]
  0x000002e01e77ae20 WorkerThread "GC Thread#1" [stack: 0x000000e373100000,0x000000e373200000] [id=13540]
  0x000002e01e77a8e0 WorkerThread "GC Thread#2" [stack: 0x000000e373200000,0x000000e373300000] [id=9664]
  0x000002e01e77c5c0 WorkerThread "GC Thread#3" [stack: 0x000000e373300000,0x000000e373400000] [id=1424]
  0x000002e01e77ab80 WorkerThread "GC Thread#4" [stack: 0x000000e373400000,0x000000e373500000] [id=18300]
  0x000002e01e77c080 WorkerThread "GC Thread#5" [stack: 0x000000e373500000,0x000000e373600000] [id=3656]
  0x000002e02e5b51a0 WorkerThread "GC Thread#6" [stack: 0x000000e373600000,0x000000e373700000] [id=7640]
  0x000002e02e5b5c20 WorkerThread "GC Thread#7" [stack: 0x000000e373700000,0x000000e373800000] [id=19364]
  0x000002e073f26ec0 ConcurrentGCThread "G1 Main Marker" [stack: 0x000000e371200000,0x000000e371300000] [id=8552]
  0x000002e073f28770 WorkerThread "G1 Conc#0" [stack: 0x000000e371300000,0x000000e371400000] [id=2896]
  0x000002e073f6e7d0 ConcurrentGCThread "G1 Refine#0" [stack: 0x000000e371400000,0x000000e371500000] [id=15072]
  0x000002e02e607ec0 ConcurrentGCThread "G1 Refine#1" [stack: 0x000000e373800000,0x000000e373900000] [id=7084]
  0x000002e07fb4a220 ConcurrentGCThread "G1 Service" [stack: 0x000000e371500000,0x000000e371600000] [id=9072]

Threads with active compile tasks:
C2 CompilerThread0     2277 2770       4       javax.swing.plaf.nimbus.NimbusDefaults$LazyStyle::matches (229 bytes)
C1 CompilerThread0     2277 2756 %     3       sun.java2d.marlin.Renderer::_endRendering @ 784 (2480 bytes)
C2 CompilerThread1     2277 2752       4       sun.java2d.marlin.MarlinCache::copyAARowRLE_WithBlockFlags (733 bytes)

VM state: not at safepoint (normal execution)

VM Mutex/Monitor currently owned by a thread:  ([mutex/lock_event])
[0x000002e073e9e0e0] Metaspace_lock - owner thread: 0x000002e07fce1240
[0x000002e073ea0170] MethodData_lock - owner thread: 0x000002e07fce1240

Heap address: 0x0000000701200000, size: 4078 MB, Compressed Oops mode: Zero based, Oop shift amount: 3

CDS archive(s) mapped at: [0x0000000800000000-0x0000000800ba0000-0x0000000800ba0000), size 12189696, SharedBaseAddress: 0x0000000800000000, ArchiveRelocationMode: 0.
Compressed class space mapped at: 0x0000000800c00000-0x0000000840c00000, reserved size: 1073741824
Narrow klass base: 0x0000000800000000, Narrow klass shift: 0, Narrow klass range: 0x100000000

GC Precious Log:
 CardTable entry size: 512
 Card Set container configuration: InlinePtr #cards 4 size 8 Array Of Cards #cards 16 size 48 Howl #buckets 8 coarsen threshold 3686 Howl Bitmap #cards 512 size 80 coarsen threshold 460 Card regions per heap region 1 cards per card region 4096
 CPUs: 8 total, 8 available
 Memory: 16309M
 Large Page Support: Disabled
 NUMA Support: Disabled
 Compressed Oops: Enabled (Zero based)
 Heap Region Size: 2M
 Heap Min Capacity: 8M
 Heap Initial Capacity: 256M
 Heap Max Capacity: 4078M
 Pre-touch: Disabled
 Parallel Workers: 8
 Concurrent Workers: 2
 Concurrent Refinement Workers: 8
 Periodic GC: Disabled

Heap:
 garbage-first heap   total 262144K, used 19168K [0x0000000701200000, 0x0000000800000000)
  region size 2048K, 7 young (14336K), 1 survivors (2048K)
 Metaspace       used 15493K, committed 15744K, reserved 1114112K
  class space    used 1728K, committed 1856K, reserved 1048576K

Heap Regions: E=young(eden), S=young(survivor), O=old, HS=humongous(starts), HC=humongous(continues), CS=collection set, F=free, OA=open archive, CA=closed archive, TAMS=top-at-mark-start (previous, next)
|   0|0x0000000701200000, 0x0000000701400000, 0x0000000701400000|100%| O|  |TAMS 0x0000000701200000, 0x0000000701200000| Untracked 
|   1|0x0000000701400000, 0x0000000701600000, 0x0000000701600000|100%| O|  |TAMS 0x0000000701400000, 0x0000000701400000| Untracked 
|   2|0x0000000701600000, 0x0000000701800000, 0x0000000701800000|100%| O|  |TAMS 0x0000000701600000, 0x0000000701600000| Untracked 
|   3|0x0000000701800000, 0x000000070193b800, 0x0000000701a00000| 61%| O|  |TAMS 0x0000000701800000, 0x0000000701800000| Untracked 
|   4|0x0000000701a00000, 0x0000000701a00000, 0x0000000701c00000|  0%| F|  |TAMS 0x0000000701a00000, 0x0000000701a00000| Untracked 
|   5|0x0000000701c00000, 0x0000000701c00000, 0x0000000701e00000|  0%| F|  |TAMS 0x0000000701c00000, 0x0000000701c00000| Untracked 
|   6|0x0000000701e00000, 0x0000000701e00000, 0x0000000702000000|  0%| F|  |TAMS 0x0000000701e00000, 0x0000000701e00000| Untracked 
|   7|0x0000000702000000, 0x0000000702000000, 0x0000000702200000|  0%| F|  |TAMS 0x0000000702000000, 0x0000000702000000| Untracked 
|   8|0x0000000702200000, 0x0000000702200000, 0x0000000702400000|  0%| F|  |TAMS 0x0000000702200000, 0x0000000702200000| Untracked 
|   9|0x0000000702400000, 0x0000000702400000, 0x0000000702600000|  0%| F|  |TAMS 0x0000000702400000, 0x0000000702400000| Untracked 
|  10|0x0000000702600000, 0x0000000702600000, 0x0000000702800000|  0%| F|  |TAMS 0x0000000702600000, 0x0000000702600000| Untracked 
|  11|0x0000000702800000, 0x0000000702800000, 0x0000000702a00000|  0%| F|  |TAMS 0x0000000702800000, 0x0000000702800000| Untracked 
|  12|0x0000000702a00000, 0x0000000702a00000, 0x0000000702c00000|  0%| F|  |TAMS 0x0000000702a00000, 0x0000000702a00000| Untracked 
|  13|0x0000000702c00000, 0x0000000702c00000, 0x0000000702e00000|  0%| F|  |TAMS 0x0000000702c00000, 0x0000000702c00000| Untracked 
|  14|0x0000000702e00000, 0x0000000702e00000, 0x0000000703000000|  0%| F|  |TAMS 0x0000000702e00000, 0x0000000702e00000| Untracked 
|  15|0x0000000703000000, 0x0000000703000000, 0x0000000703200000|  0%| F|  |TAMS 0x0000000703000000, 0x0000000703000000| Untracked 
|  16|0x0000000703200000, 0x0000000703200000, 0x0000000703400000|  0%| F|  |TAMS 0x0000000703200000, 0x0000000703200000| Untracked 
|  17|0x0000000703400000, 0x0000000703400000, 0x0000000703600000|  0%| F|  |TAMS 0x0000000703400000, 0x0000000703400000| Untracked 
|  18|0x0000000703600000, 0x0000000703600000, 0x0000000703800000|  0%| F|  |TAMS 0x0000000703600000, 0x0000000703600000| Untracked 
|  19|0x0000000703800000, 0x0000000703800000, 0x0000000703a00000|  0%| F|  |TAMS 0x0000000703800000, 0x0000000703800000| Untracked 
|  20|0x0000000703a00000, 0x0000000703a00000, 0x0000000703c00000|  0%| F|  |TAMS 0x0000000703a00000, 0x0000000703a00000| Untracked 
|  21|0x0000000703c00000, 0x0000000703c00000, 0x0000000703e00000|  0%| F|  |TAMS 0x0000000703c00000, 0x0000000703c00000| Untracked 
|  22|0x0000000703e00000, 0x0000000703e00000, 0x0000000704000000|  0%| F|  |TAMS 0x0000000703e00000, 0x0000000703e00000| Untracked 
|  23|0x0000000704000000, 0x0000000704000000, 0x0000000704200000|  0%| F|  |TAMS 0x0000000704000000, 0x0000000704000000| Untracked 
|  24|0x0000000704200000, 0x0000000704200000, 0x0000000704400000|  0%| F|  |TAMS 0x0000000704200000, 0x0000000704200000| Untracked 
|  25|0x0000000704400000, 0x0000000704400000, 0x0000000704600000|  0%| F|  |TAMS 0x0000000704400000, 0x0000000704400000| Untracked 
|  26|0x0000000704600000, 0x0000000704600000, 0x0000000704800000|  0%| F|  |TAMS 0x0000000704600000, 0x0000000704600000| Untracked 
|  27|0x0000000704800000, 0x0000000704800000, 0x0000000704a00000|  0%| F|  |TAMS 0x0000000704800000, 0x0000000704800000| Untracked 
|  28|0x0000000704a00000, 0x0000000704a00000, 0x0000000704c00000|  0%| F|  |TAMS 0x0000000704a00000, 0x0000000704a00000| Untracked 
|  29|0x0000000704c00000, 0x0000000704c00000, 0x0000000704e00000|  0%| F|  |TAMS 0x0000000704c00000, 0x0000000704c00000| Untracked 
|  30|0x0000000704e00000, 0x0000000704e00000, 0x0000000705000000|  0%| F|  |TAMS 0x0000000704e00000, 0x0000000704e00000| Untracked 
|  31|0x0000000705000000, 0x0000000705000000, 0x0000000705200000|  0%| F|  |TAMS 0x0000000705000000, 0x0000000705000000| Untracked 
|  32|0x0000000705200000, 0x0000000705200000, 0x0000000705400000|  0%| F|  |TAMS 0x0000000705200000, 0x0000000705200000| Untracked 
|  33|0x0000000705400000, 0x0000000705400000, 0x0000000705600000|  0%| F|  |TAMS 0x0000000705400000, 0x0000000705400000| Untracked 
|  34|0x0000000705600000, 0x0000000705600000, 0x0000000705800000|  0%| F|  |TAMS 0x0000000705600000, 0x0000000705600000| Untracked 
|  35|0x0000000705800000, 0x0000000705800000, 0x0000000705a00000|  0%| F|  |TAMS 0x0000000705800000, 0x0000000705800000| Untracked 
|  36|0x0000000705a00000, 0x0000000705a00000, 0x0000000705c00000|  0%| F|  |TAMS 0x0000000705a00000, 0x0000000705a00000| Untracked 
|  37|0x0000000705c00000, 0x0000000705c00000, 0x0000000705e00000|  0%| F|  |TAMS 0x0000000705c00000, 0x0000000705c00000| Untracked 
|  38|0x0000000705e00000, 0x0000000705e00000, 0x0000000706000000|  0%| F|  |TAMS 0x0000000705e00000, 0x0000000705e00000| Untracked 
|  39|0x0000000706000000, 0x0000000706000000, 0x0000000706200000|  0%| F|  |TAMS 0x0000000706000000, 0x0000000706000000| Untracked 
|  40|0x0000000706200000, 0x0000000706200000, 0x0000000706400000|  0%| F|  |TAMS 0x0000000706200000, 0x0000000706200000| Untracked 
|  41|0x0000000706400000, 0x0000000706400000, 0x0000000706600000|  0%| F|  |TAMS 0x0000000706400000, 0x0000000706400000| Untracked 
|  42|0x0000000706600000, 0x0000000706600000, 0x0000000706800000|  0%| F|  |TAMS 0x0000000706600000, 0x0000000706600000| Untracked 
|  43|0x0000000706800000, 0x0000000706800000, 0x0000000706a00000|  0%| F|  |TAMS 0x0000000706800000, 0x0000000706800000| Untracked 
|  44|0x0000000706a00000, 0x0000000706a00000, 0x0000000706c00000|  0%| F|  |TAMS 0x0000000706a00000, 0x0000000706a00000| Untracked 
|  45|0x0000000706c00000, 0x0000000706c00000, 0x0000000706e00000|  0%| F|  |TAMS 0x0000000706c00000, 0x0000000706c00000| Untracked 
|  46|0x0000000706e00000, 0x0000000706e00000, 0x0000000707000000|  0%| F|  |TAMS 0x0000000706e00000, 0x0000000706e00000| Untracked 
|  47|0x0000000707000000, 0x0000000707000000, 0x0000000707200000|  0%| F|  |TAMS 0x0000000707000000, 0x0000000707000000| Untracked 
|  48|0x0000000707200000, 0x0000000707200000, 0x0000000707400000|  0%| F|  |TAMS 0x0000000707200000, 0x0000000707200000| Untracked 
|  49|0x0000000707400000, 0x0000000707400000, 0x0000000707600000|  0%| F|  |TAMS 0x0000000707400000, 0x0000000707400000| Untracked 
|  50|0x0000000707600000, 0x0000000707600000, 0x0000000707800000|  0%| F|  |TAMS 0x0000000707600000, 0x0000000707600000| Untracked 
|  51|0x0000000707800000, 0x0000000707800000, 0x0000000707a00000|  0%| F|  |TAMS 0x0000000707800000, 0x0000000707800000| Untracked 
|  52|0x0000000707a00000, 0x0000000707a00000, 0x0000000707c00000|  0%| F|  |TAMS 0x0000000707a00000, 0x0000000707a00000| Untracked 
|  53|0x0000000707c00000, 0x0000000707c00000, 0x0000000707e00000|  0%| F|  |TAMS 0x0000000707c00000, 0x0000000707c00000| Untracked 
|  54|0x0000000707e00000, 0x0000000707e00000, 0x0000000708000000|  0%| F|  |TAMS 0x0000000707e00000, 0x0000000707e00000| Untracked 
|  55|0x0000000708000000, 0x0000000708000000, 0x0000000708200000|  0%| F|  |TAMS 0x0000000708000000, 0x0000000708000000| Untracked 
|  56|0x0000000708200000, 0x0000000708200000, 0x0000000708400000|  0%| F|  |TAMS 0x0000000708200000, 0x0000000708200000| Untracked 
|  57|0x0000000708400000, 0x0000000708400000, 0x0000000708600000|  0%| F|  |TAMS 0x0000000708400000, 0x0000000708400000| Untracked 
|  58|0x0000000708600000, 0x0000000708600000, 0x0000000708800000|  0%| F|  |TAMS 0x0000000708600000, 0x0000000708600000| Untracked 
|  59|0x0000000708800000, 0x0000000708800000, 0x0000000708a00000|  0%| F|  |TAMS 0x0000000708800000, 0x0000000708800000| Untracked 
|  60|0x0000000708a00000, 0x0000000708a00000, 0x0000000708c00000|  0%| F|  |TAMS 0x0000000708a00000, 0x0000000708a00000| Untracked 
|  61|0x0000000708c00000, 0x0000000708c00000, 0x0000000708e00000|  0%| F|  |TAMS 0x0000000708c00000, 0x0000000708c00000| Untracked 
|  62|0x0000000708e00000, 0x0000000708e00000, 0x0000000709000000|  0%| F|  |TAMS 0x0000000708e00000, 0x0000000708e00000| Untracked 
|  63|0x0000000709000000, 0x0000000709000000, 0x0000000709200000|  0%| F|  |TAMS 0x0000000709000000, 0x0000000709000000| Untracked 
|  64|0x0000000709200000, 0x0000000709200000, 0x0000000709400000|  0%| F|  |TAMS 0x0000000709200000, 0x0000000709200000| Untracked 
|  65|0x0000000709400000, 0x0000000709400000, 0x0000000709600000|  0%| F|  |TAMS 0x0000000709400000, 0x0000000709400000| Untracked 
|  66|0x0000000709600000, 0x0000000709600000, 0x0000000709800000|  0%| F|  |TAMS 0x0000000709600000, 0x0000000709600000| Untracked 
|  67|0x0000000709800000, 0x0000000709800000, 0x0000000709a00000|  0%| F|  |TAMS 0x0000000709800000, 0x0000000709800000| Untracked 
|  68|0x0000000709a00000, 0x0000000709a00000, 0x0000000709c00000|  0%| F|  |TAMS 0x0000000709a00000, 0x0000000709a00000| Untracked 
|  69|0x0000000709c00000, 0x0000000709c00000, 0x0000000709e00000|  0%| F|  |TAMS 0x0000000709c00000, 0x0000000709c00000| Untracked 
|  70|0x0000000709e00000, 0x0000000709e00000, 0x000000070a000000|  0%| F|  |TAMS 0x0000000709e00000, 0x0000000709e00000| Untracked 
|  71|0x000000070a000000, 0x000000070a000000, 0x000000070a200000|  0%| F|  |TAMS 0x000000070a000000, 0x000000070a000000| Untracked 
|  72|0x000000070a200000, 0x000000070a200000, 0x000000070a400000|  0%| F|  |TAMS 0x000000070a200000, 0x000000070a200000| Untracked 
|  73|0x000000070a400000, 0x000000070a400000, 0x000000070a600000|  0%| F|  |TAMS 0x000000070a400000, 0x000000070a400000| Untracked 
|  74|0x000000070a600000, 0x000000070a600000, 0x000000070a800000|  0%| F|  |TAMS 0x000000070a600000, 0x000000070a600000| Untracked 
|  75|0x000000070a800000, 0x000000070a800000, 0x000000070aa00000|  0%| F|  |TAMS 0x000000070a800000, 0x000000070a800000| Untracked 
|  76|0x000000070aa00000, 0x000000070aa00000, 0x000000070ac00000|  0%| F|  |TAMS 0x000000070aa00000, 0x000000070aa00000| Untracked 
|  77|0x000000070ac00000, 0x000000070ac00000, 0x000000070ae00000|  0%| F|  |TAMS 0x000000070ac00000, 0x000000070ac00000| Untracked 
|  78|0x000000070ae00000, 0x000000070ae00000, 0x000000070b000000|  0%| F|  |TAMS 0x000000070ae00000, 0x000000070ae00000| Untracked 
|  79|0x000000070b000000, 0x000000070b000000, 0x000000070b200000|  0%| F|  |TAMS 0x000000070b000000, 0x000000070b000000| Untracked 
|  80|0x000000070b200000, 0x000000070b200000, 0x000000070b400000|  0%| F|  |TAMS 0x000000070b200000, 0x000000070b200000| Untracked 
|  81|0x000000070b400000, 0x000000070b400000, 0x000000070b600000|  0%| F|  |TAMS 0x000000070b400000, 0x000000070b400000| Untracked 
|  82|0x000000070b600000, 0x000000070b600000, 0x000000070b800000|  0%| F|  |TAMS 0x000000070b600000, 0x000000070b600000| Untracked 
|  83|0x000000070b800000, 0x000000070b800000, 0x000000070ba00000|  0%| F|  |TAMS 0x000000070b800000, 0x000000070b800000| Untracked 
|  84|0x000000070ba00000, 0x000000070ba00000, 0x000000070bc00000|  0%| F|  |TAMS 0x000000070ba00000, 0x000000070ba00000| Untracked 
|  85|0x000000070bc00000, 0x000000070bc00000, 0x000000070be00000|  0%| F|  |TAMS 0x000000070bc00000, 0x000000070bc00000| Untracked 
|  86|0x000000070be00000, 0x000000070be00000, 0x000000070c000000|  0%| F|  |TAMS 0x000000070be00000, 0x000000070be00000| Untracked 
|  87|0x000000070c000000, 0x000000070c000000, 0x000000070c200000|  0%| F|  |TAMS 0x000000070c000000, 0x000000070c000000| Untracked 
|  88|0x000000070c200000, 0x000000070c200000, 0x000000070c400000|  0%| F|  |TAMS 0x000000070c200000, 0x000000070c200000| Untracked 
|  89|0x000000070c400000, 0x000000070c400000, 0x000000070c600000|  0%| F|  |TAMS 0x000000070c400000, 0x000000070c400000| Untracked 
|  90|0x000000070c600000, 0x000000070c600000, 0x000000070c800000|  0%| F|  |TAMS 0x000000070c600000, 0x000000070c600000| Untracked 
|  91|0x000000070c800000, 0x000000070c800000, 0x000000070ca00000|  0%| F|  |TAMS 0x000000070c800000, 0x000000070c800000| Untracked 
|  92|0x000000070ca00000, 0x000000070ca00000, 0x000000070cc00000|  0%| F|  |TAMS 0x000000070ca00000, 0x000000070ca00000| Untracked 
|  93|0x000000070cc00000, 0x000000070cc00000, 0x000000070ce00000|  0%| F|  |TAMS 0x000000070cc00000, 0x000000070cc00000| Untracked 
|  94|0x000000070ce00000, 0x000000070ce00000, 0x000000070d000000|  0%| F|  |TAMS 0x000000070ce00000, 0x000000070ce00000| Untracked 
|  95|0x000000070d000000, 0x000000070d000000, 0x000000070d200000|  0%| F|  |TAMS 0x000000070d000000, 0x000000070d000000| Untracked 
|  96|0x000000070d200000, 0x000000070d200000, 0x000000070d400000|  0%| F|  |TAMS 0x000000070d200000, 0x000000070d200000| Untracked 
|  97|0x000000070d400000, 0x000000070d400000, 0x000000070d600000|  0%| F|  |TAMS 0x000000070d400000, 0x000000070d400000| Untracked 
|  98|0x000000070d600000, 0x000000070d600000, 0x000000070d800000|  0%| F|  |TAMS 0x000000070d600000, 0x000000070d600000| Untracked 
|  99|0x000000070d800000, 0x000000070d800000, 0x000000070da00000|  0%| F|  |TAMS 0x000000070d800000, 0x000000070d800000| Untracked 
| 100|0x000000070da00000, 0x000000070da00000, 0x000000070dc00000|  0%| F|  |TAMS 0x000000070da00000, 0x000000070da00000| Untracked 
| 101|0x000000070dc00000, 0x000000070dc00000, 0x000000070de00000|  0%| F|  |TAMS 0x000000070dc00000, 0x000000070dc00000| Untracked 
| 102|0x000000070de00000, 0x000000070de00000, 0x000000070e000000|  0%| F|  |TAMS 0x000000070de00000, 0x000000070de00000| Untracked 
| 103|0x000000070e000000, 0x000000070e000000, 0x000000070e200000|  0%| F|  |TAMS 0x000000070e000000, 0x000000070e000000| Untracked 
| 104|0x000000070e200000, 0x000000070e200000, 0x000000070e400000|  0%| F|  |TAMS 0x000000070e200000, 0x000000070e200000| Untracked 
| 105|0x000000070e400000, 0x000000070e400000, 0x000000070e600000|  0%| F|  |TAMS 0x000000070e400000, 0x000000070e400000| Untracked 
| 106|0x000000070e600000, 0x000000070e600000, 0x000000070e800000|  0%| F|  |TAMS 0x000000070e600000, 0x000000070e600000| Untracked 
| 107|0x000000070e800000, 0x000000070e800000, 0x000000070ea00000|  0%| F|  |TAMS 0x000000070e800000, 0x000000070e800000| Untracked 
| 108|0x000000070ea00000, 0x000000070ea00000, 0x000000070ec00000|  0%| F|  |TAMS 0x000000070ea00000, 0x000000070ea00000| Untracked 
| 109|0x000000070ec00000, 0x000000070ec00000, 0x000000070ee00000|  0%| F|  |TAMS 0x000000070ec00000, 0x000000070ec00000| Untracked 
| 110|0x000000070ee00000, 0x000000070ee00000, 0x000000070f000000|  0%| F|  |TAMS 0x000000070ee00000, 0x000000070ee00000| Untracked 
| 111|0x000000070f000000, 0x000000070f000000, 0x000000070f200000|  0%| F|  |TAMS 0x000000070f000000, 0x000000070f000000| Untracked 
| 112|0x000000070f200000, 0x000000070f200000, 0x000000070f400000|  0%| F|  |TAMS 0x000000070f200000, 0x000000070f200000| Untracked 
| 113|0x000000070f400000, 0x000000070f400000, 0x000000070f600000|  0%| F|  |TAMS 0x000000070f400000, 0x000000070f400000| Untracked 
| 114|0x000000070f600000, 0x000000070f600000, 0x000000070f800000|  0%| F|  |TAMS 0x000000070f600000, 0x000000070f600000| Untracked 
| 115|0x000000070f800000, 0x000000070f800000, 0x000000070fa00000|  0%| F|  |TAMS 0x000000070f800000, 0x000000070f800000| Untracked 
| 116|0x000000070fa00000, 0x000000070fa00000, 0x000000070fc00000|  0%| F|  |TAMS 0x000000070fa00000, 0x000000070fa00000| Untracked 
| 117|0x000000070fc00000, 0x000000070fc00000, 0x000000070fe00000|  0%| F|  |TAMS 0x000000070fc00000, 0x000000070fc00000| Untracked 
| 118|0x000000070fe00000, 0x000000070fe00000, 0x0000000710000000|  0%| F|  |TAMS 0x000000070fe00000, 0x000000070fe00000| Untracked 
| 119|0x0000000710000000, 0x0000000710000000, 0x0000000710200000|  0%| F|  |TAMS 0x0000000710000000, 0x0000000710000000| Untracked 
| 120|0x0000000710200000, 0x0000000710200000, 0x0000000710400000|  0%| F|  |TAMS 0x0000000710200000, 0x0000000710200000| Untracked 
| 121|0x0000000710400000, 0x000000071055a4a8, 0x0000000710600000| 67%| E|  |TAMS 0x0000000710400000, 0x0000000710400000| Complete 
| 122|0x0000000710600000, 0x000000071077c820, 0x0000000710800000| 74%| S|CS|TAMS 0x0000000710600000, 0x0000000710600000| Complete 
| 123|0x0000000710800000, 0x0000000710a00000, 0x0000000710a00000|100%| E|CS|TAMS 0x0000000710800000, 0x0000000710800000| Complete 
| 124|0x0000000710a00000, 0x0000000710c00000, 0x0000000710c00000|100%| E|CS|TAMS 0x0000000710a00000, 0x0000000710a00000| Complete 
| 125|0x0000000710c00000, 0x0000000710e00000, 0x0000000710e00000|100%| E|CS|TAMS 0x0000000710c00000, 0x0000000710c00000| Complete 
| 126|0x0000000710e00000, 0x0000000711000000, 0x0000000711000000|100%| E|CS|TAMS 0x0000000710e00000, 0x0000000710e00000| Complete 
| 127|0x0000000711000000, 0x0000000711200000, 0x0000000711200000|100%| E|CS|TAMS 0x0000000711000000, 0x0000000711000000| Complete 

Card table byte_map: [0x000002e07e220000,0x000002e07ea20000] _byte_map_base: 0x000002e07aa17000

Marking Bits (Prev, Next): (CMBitMap*) 0x000002e073f166c0, (CMBitMap*) 0x000002e073f16700
 Prev Bits: [0x000002e00f000000, 0x000002e012fb8000)
 Next Bits: [0x000002e012fc0000, 0x000002e016f78000)

Polling page: 0x000002e073f70000

Metaspace:

Usage:
  Non-class:     13.44 MB used.
      Class:      1.69 MB used.
       Both:     15.13 MB used.

Virtual space:
  Non-class space:       64.00 MB reserved,      13.56 MB ( 21%) committed,  1 nodes.
      Class space:        1.00 GB reserved,       1.81 MB ( <1%) committed,  1 nodes.
             Both:        1.06 GB reserved,      15.38 MB (  1%) committed. 

Chunk freelists:
   Non-Class:  2.23 MB
       Class:  2.24 MB
        Both:  4.48 MB

MaxMetaspaceSize: unlimited
CompressedClassSpaceSize: 1.00 GB
Initial GC threshold: 21.00 MB
Current GC threshold: 21.00 MB
CDS: on
MetaspaceReclaimPolicy: balanced
 - commit_granule_bytes: 65536.
 - commit_granule_words: 8192.
 - virtual_space_node_default_size: 8388608.
 - enlarge_chunks_in_place: 1.
 - new_chunks_are_fully_committed: 0.
 - uncommit_free_chunks: 1.
 - use_allocation_guard: 0.


Internal statistics:

num_allocs_failed_limit: 0.
num_arena_births: 198.
num_arena_deaths: 0.
num_vsnodes_births: 2.
num_vsnodes_deaths: 0.
num_space_committed: 246.
num_space_uncommitted: 0.
num_chunks_returned_to_freelist: 0.
num_chunks_taken_from_freelist: 349.
num_chunk_merges: 0.
num_chunk_splits: 207.
num_chunks_enlarged: 101.
num_inconsistent_stats: 0.

CodeHeap 'non-profiled nmethods': size=120000Kb used=1093Kb max_used=1093Kb free=118907Kb
 bounds [0x000002e007ad0000, 0x000002e007d40000, 0x000002e00f000000]
CodeHeap 'profiled nmethods': size=120000Kb used=5636Kb max_used=5636Kb free=114364Kb
 bounds [0x000002e0005a0000, 0x000002e000b30000, 0x000002e007ad0000]
CodeHeap 'non-nmethods': size=5760Kb used=1374Kb max_used=1407Kb free=4385Kb
 bounds [0x000002e000000000, 0x000002e000270000, 0x000002e0005a0000]
 total_blobs=3472 nmethods=2761 adapters=623
 compilation: enabled
              stopped_count=0, restarted_count=0
 full_count=0

Compilation events (20 events):
Event: 2.230 Thread 0x000002e07fce1240 nmethod 2746 0x000002e000b17590 code [0x000002e000b17800, 0x000002e000b17fa8]
Event: 2.230 Thread 0x000002e07fce1240 2749       3       sun.java2d.d3d.D3DSurfaceData::validatePipe (385 bytes)
Event: 2.231 Thread 0x000002e02e4352b0 nmethod 2744 0x000002e007bdaa90 code [0x000002e007bdac20, 0x000002e007bdae18]
Event: 2.232 Thread 0x000002e07fce1240 nmethod 2749 0x000002e000b18390 code [0x000002e000b18680, 0x000002e000b19a68]
Event: 2.232 Thread 0x000002e07fce1240 2750       3       javax.swing.plaf.synth.SynthButtonUI::getContext (11 bytes)
Event: 2.232 Thread 0x000002e07fce1240 nmethod 2750 0x000002e000b19d10 code [0x000002e000b19f20, 0x000002e000b1a5a8]
Event: 2.232 Thread 0x000002e07fce1240 2751       3       javax.swing.plaf.synth.SynthButtonUI::getComponentState (138 bytes)
Event: 2.233 Thread 0x000002e07fce1240 nmethod 2751 0x000002e000b1a810 code [0x000002e000b1ab00, 0x000002e000b1c138]
Event: 2.233 Thread 0x000002e02e4352b0 2752       4       sun.java2d.marlin.MarlinCache::copyAARowRLE_WithBlockFlags (733 bytes)
Event: 2.233 Thread 0x000002e07fce1240 2747       3       sun.java2d.loops.CompositeType::equals (29 bytes)
Event: 2.233 Thread 0x000002e07fce1240 nmethod 2747 0x000002e000b1c690 code [0x000002e000b1c840, 0x000002e000b1cc18]
Event: 2.233 Thread 0x000002e07fce1240 2748       3       sun.font.FontDesignMetrics::getAscent (10 bytes)
Event: 2.233 Thread 0x000002e07fce1240 nmethod 2748 0x000002e000b1cd10 code [0x000002e000b1cea0, 0x000002e000b1cfd8]
Event: 2.234 Thread 0x000002e07fce1240 2753       3       java.awt.MultipleGradientPaintContext::interpolate (202 bytes)
Event: 2.234 Thread 0x000002e07fce1240 nmethod 2753 0x000002e000b1d090 code [0x000002e000b1d2a0, 0x000002e000b1d618]
Event: 2.234 Thread 0x000002e07fce1240 2754       3       sun.java2d.pipe.DrawImage::tryCopyOrScale (260 bytes)
Event: 2.235 Thread 0x000002e07fce1240 nmethod 2754 0x000002e000b1d790 code [0x000002e000b1dae0, 0x000002e000b1ebf8]
Event: 2.235 Thread 0x000002e07fce1240 2755       3       java.awt.geom.AffineTransform::transform (635 bytes)
Event: 2.236 Thread 0x000002e07fce1240 nmethod 2755 0x000002e000b1f090 code [0x000002e000b1f360, 0x000002e000b20648]
Event: 2.236 Thread 0x000002e07fce1240 2756 %     3       sun.java2d.marlin.Renderer::_endRendering @ 784 (2480 bytes)

GC Heap History (4 events):
Event: 0.838 GC heap before
{Heap before GC invocations=0 (full 0):
 garbage-first heap   total 262144K, used 22528K [0x0000000701200000, 0x0000000800000000)
  region size 2048K, 11 young (22528K), 0 survivors (0K)
 Metaspace       used 7862K, committed 8128K, reserved 1114112K
  class space    used 871K, committed 1024K, reserved 1048576K
}
Event: 0.846 GC heap after
{Heap after GC invocations=1 (full 0):
 garbage-first heap   total 262144K, used 7137K [0x0000000701200000, 0x0000000800000000)
  region size 2048K, 2 young (4096K), 2 survivors (4096K)
 Metaspace       used 7862K, committed 8128K, reserved 1114112K
  class space    used 871K, committed 1024K, reserved 1048576K
}
Event: 1.340 GC heap before
{Heap before GC invocations=1 (full 0):
 garbage-first heap   total 262144K, used 17377K [0x0000000701200000, 0x0000000800000000)
  region size 2048K, 7 young (14336K), 2 survivors (4096K)
 Metaspace       used 10136K, committed 10368K, reserved 1114112K
  class space    used 1095K, committed 1216K, reserved 1048576K
}
Event: 1.345 GC heap after
{Heap after GC invocations=2 (full 0):
 garbage-first heap   total 262144K, used 8928K [0x0000000701200000, 0x0000000800000000)
  region size 2048K, 1 young (2048K), 1 survivors (2048K)
 Metaspace       used 10136K, committed 10368K, reserved 1114112K
  class space    used 1095K, committed 1216K, reserved 1048576K
}

Deoptimization events (20 events):
Event: 1.926 Thread 0x000002e01e01d050 Uncommon trap: trap_request=0xffffffde fr.pc=0x000002e007b2750c relative=0x000000000000018c
Event: 1.926 Thread 0x000002e01e01d050 Uncommon trap: reason=class_check action=maybe_recompile pc=0x000002e007b2750c method=java.lang.String.equals(Ljava/lang/Object;)Z @ 8 c2
Event: 1.926 Thread 0x000002e01e01d050 DEOPT PACKING pc=0x000002e007b2750c sp=0x000000e3726fde10
Event: 1.926 Thread 0x000002e01e01d050 DEOPT UNPACKING pc=0x000002e0000523a3 sp=0x000000e3726fdd98 mode 2
Event: 1.926 Thread 0x000002e01e01d050 Uncommon trap: trap_request=0xffffffde fr.pc=0x000002e007b2750c relative=0x000000000000018c
Event: 1.926 Thread 0x000002e01e01d050 Uncommon trap: reason=class_check action=maybe_recompile pc=0x000002e007b2750c method=java.lang.String.equals(Ljava/lang/Object;)Z @ 8 c2
Event: 1.926 Thread 0x000002e01e01d050 DEOPT PACKING pc=0x000002e007b2750c sp=0x000000e3726fdc40
Event: 1.926 Thread 0x000002e01e01d050 DEOPT UNPACKING pc=0x000002e0000523a3 sp=0x000000e3726fdbc8 mode 2
Event: 1.927 Thread 0x000002e01e01d050 Uncommon trap: trap_request=0xffffffde fr.pc=0x000002e007b2750c relative=0x000000000000018c
Event: 1.927 Thread 0x000002e01e01d050 Uncommon trap: reason=class_check action=maybe_recompile pc=0x000002e007b2750c method=java.lang.String.equals(Ljava/lang/Object;)Z @ 8 c2
Event: 1.927 Thread 0x000002e01e01d050 DEOPT PACKING pc=0x000002e007b2750c sp=0x000000e3726fde10
Event: 1.927 Thread 0x000002e01e01d050 DEOPT UNPACKING pc=0x000002e0000523a3 sp=0x000000e3726fdd98 mode 2
Event: 2.039 Thread 0x000002e01e01d050 Uncommon trap: trap_request=0xffffff45 fr.pc=0x000002e007bb4980 relative=0x00000000000001e0
Event: 2.039 Thread 0x000002e01e01d050 Uncommon trap: reason=unstable_if action=reinterpret pc=0x000002e007bb4980 method=javax.swing.JComponent.getClientProperty(Ljava/lang/Object;)Ljava/lang/Object; @ 16 c2
Event: 2.039 Thread 0x000002e01e01d050 DEOPT PACKING pc=0x000002e007bb4980 sp=0x000000e3726fca70
Event: 2.039 Thread 0x000002e01e01d050 DEOPT UNPACKING pc=0x000002e0000523a3 sp=0x000000e3726fca38 mode 2
Event: 2.217 Thread 0x000002e01e01d050 DEOPT PACKING pc=0x000002e000ac0d83 sp=0x000000e3726fc4e0
Event: 2.217 Thread 0x000002e01e01d050 DEOPT UNPACKING pc=0x000002e000052b43 sp=0x000000e3726fb900 mode 0
Event: 2.228 Thread 0x000002e01e01d050 DEOPT PACKING pc=0x000002e000aa5942 sp=0x000000e3726fc150
Event: 2.228 Thread 0x000002e01e01d050 DEOPT UNPACKING pc=0x000002e000052b43 sp=0x000000e3726fb5e0 mode 0

Classes loaded (20 events):
Event: 2.203 Loading class java/awt/DefaultKeyboardFocusManager$DefaultKeyboardFocusManagerSentEvent
Event: 2.203 Loading class java/awt/SentEvent
Event: 2.203 Loading class java/awt/SentEvent done
Event: 2.203 Loading class java/awt/DefaultKeyboardFocusManager$DefaultKeyboardFocusManagerSentEvent done
Event: 2.205 Loading class java/util/ArrayList$ListItr
Event: 2.205 Loading class java/util/ArrayList$ListItr done
Event: 2.206 Loading class java/awt/event/FocusEvent$Cause
Event: 2.206 Loading class java/awt/event/FocusEvent$Cause done
Event: 2.206 Loading class sun/awt/KeyboardFocusManagerPeerImpl$KfmAccessor
Event: 2.206 Loading class sun/awt/KeyboardFocusManagerPeerImpl$KfmAccessor done
Event: 2.206 Loading class java/awt/KeyboardFocusManager$HeavyweightFocusRequest
Event: 2.206 Loading class java/awt/KeyboardFocusManager$HeavyweightFocusRequest done
Event: 2.206 Loading class java/awt/KeyboardFocusManager$LightweightFocusRequest
Event: 2.206 Loading class java/awt/KeyboardFocusManager$LightweightFocusRequest done
Event: 2.207 Loading class javax/swing/RepaintManager$3
Event: 2.207 Loading class javax/swing/RepaintManager$3 done
Event: 2.209 Loading class java/util/concurrent/locks/AbstractQueuedSynchronizer$ExclusiveNode
Event: 2.209 Loading class java/util/concurrent/locks/AbstractQueuedSynchronizer$Node
Event: 2.209 Loading class java/util/concurrent/locks/AbstractQueuedSynchronizer$Node done
Event: 2.209 Loading class java/util/concurrent/locks/AbstractQueuedSynchronizer$ExclusiveNode done

Classes unloaded (0 events):
No events

Classes redefined (0 events):
No events

Internal exceptions (20 events):
Event: 0.355 Thread 0x000002e073ea3b40 Exception <a 'java/lang/ClassNotFoundException'{0x0000000710d22a60}: RootPane> (0x0000000710d22a60) 
thrown [s\open\src\hotspot\share\classfile\systemDictionary.cpp, line 255]
Event: 0.357 Thread 0x000002e073ea3b40 Exception <a 'java/lang/ClassNotFoundException'{0x0000000710d25868}: com/sun/swing/internal/plaf/metal/resources/spi/metalProvider> (0x0000000710d25868) 
thrown [s\open\src\hotspot\share\classfile\systemDictionary.cpp, line 255]
Event: 0.358 Thread 0x000002e073ea3b40 Exception <a 'java/lang/ClassNotFoundException'{0x0000000710d295f8}: com/sun/swing/internal/plaf/basic/resources/spi/basicProvider> (0x0000000710d295f8) 
thrown [s\open\src\hotspot\share\classfile\systemDictionary.cpp, line 255]
Event: 0.521 Thread 0x000002e01e01d050 Exception <a 'java/lang/ClassNotFoundException'{0x0000000710dd0908}: com/sun/swing/internal/plaf/synth/resources/spi/synthProvider> (0x0000000710dd0908) 
thrown [s\open\src\hotspot\share\classfile\systemDictionary.cpp, line 255]
Event: 0.541 Thread 0x000002e01e01d050 Exception <a 'java/lang/NoSuchMethodError'{0x0000000710a15a98}: 'int java.lang.invoke.Invokers$Holder.invokeExact_MT(java.lang.Object, java.lang.Object)'> (0x0000000710a15a98) 
thrown [s\open\src\hotspot\share\interpreter\linkResolver.cpp, line 766]
Event: 0.864 Thread 0x000002e01e01d050 Exception <a 'java/lang/NoSuchMethodError'{0x00000007111358f0}: 'int java.lang.invoke.DirectMethodHandle$Holder.invokeSpecial(java.lang.Object, java.lang.Object, java.lang.Object)'> (0x00000007111358f0) 
thrown [s\open\src\hotspot\share\interpreter\linkResolver.cpp, line 766]
Event: 0.919 Thread 0x000002e01e01d050 Exception <a 'java/lang/NoSuchMethodError'{0x00000007111fc210}: 'java.lang.Object java.lang.invoke.DirectMethodHandle$Holder.newInvokeSpecial(java.lang.Object, java.lang.Object, java.lang.Object, java.lang.Object, java.lang.Object, java.lang.Object)'> (0x00000007111fc210) 
thrown [s\open\src\hotspot\share\interpreter\linkResolver.cpp, line 766]
Event: 0.926 Thread 0x000002e01e01d050 Exception <a 'java/lang/NoSuchMethodError'{0x0000000710e1aed8}: 'java.lang.Object java.lang.invoke.DirectMethodHandle$Holder.invokeStatic(java.lang.Object, java.lang.Object, int)'> (0x0000000710e1aed8) 
thrown [s\open\src\hotspot\share\interpreter\linkResolver.cpp, line 766]
Event: 0.928 Thread 0x000002e01e01d050 Exception <a 'java/lang/NoSuchMethodError'{0x0000000710e26c70}: 'void java.lang.invoke.DelegatingMethodHandle$Holder.delegate(java.lang.Object, java.lang.Object, int, java.lang.Object)'> (0x0000000710e26c70) 
thrown [s\open\src\hotspot\share\interpreter\linkResolver.cpp, line 766]
Event: 1.091 Thread 0x000002e01e01d050 Exception <a 'sun/nio/fs/WindowsException'{0x0000000710fe8ba8}> (0x0000000710fe8ba8) 
thrown [s\open\src\hotspot\share\prims\jni.cpp, line 516]
Event: 1.120 Thread 0x000002e01e01d050 Exception <a 'java/lang/NoSuchMethodError'{0x0000000710c34838}: 'java.lang.Object java.lang.invoke.Invokers$Holder.invokeExact_MT(java.lang.Object, java.lang.Object, java.lang.Object, java.lang.Object, java.lang.Object)'> (0x0000000710c34838) 
thrown [s\open\src\hotspot\share\interpreter\linkResolver.cpp, line 766]
Event: 1.502 Thread 0x000002e01e01d050 Exception <a 'java/lang/NoSuchMethodError'{0x0000000710ce3918}: 'java.lang.Object java.lang.invoke.DirectMethodHandle$Holder.newInvokeSpecial(java.lang.Object, java.lang.Object, int)'> (0x0000000710ce3918) 
thrown [s\open\src\hotspot\share\interpreter\linkResolver.cpp, line 766]
Event: 1.503 Thread 0x000002e01e01d050 Exception <a 'java/lang/NoSuchMethodError'{0x0000000710ce7b80}: 'int java.lang.invoke.DirectMethodHandle$Holder.invokeSpecial(java.lang.Object, java.lang.Object, java.lang.Object, int)'> (0x0000000710ce7b80) 
thrown [s\open\src\hotspot\share\interpreter\linkResolver.cpp, line 766]
Event: 1.505 Thread 0x000002e01e01d050 Exception <a 'java/lang/NoSuchMethodError'{0x0000000710cfa518}: 'java.lang.Object java.lang.invoke.DirectMethodHandle$Holder.invokeStatic(java.lang.Object, java.lang.Object, java.lang.Object, java.lang.Object, int)'> (0x0000000710cfa518) 
thrown [s\open\src\hotspot\share\interpreter\linkResolver.cpp, line 766]
Event: 1.640 Thread 0x000002e01e01d050 Implicit null exception at 0x000002e007b8db5a to 0x000002e007b8debc
Event: 1.664 Thread 0x000002e01e01d050 Exception <a 'java/lang/NoSuchMethodError'{0x0000000710a18e08}: 'void java.lang.invoke.DirectMethodHandle$Holder.invokeStatic(java.lang.Object, java.lang.Object, java.lang.Object)'> (0x0000000710a18e08) 
thrown [s\open\src\hotspot\share\interpreter\linkResolver.cpp, line 766]
Event: 1.665 Thread 0x000002e01e01d050 Exception <a 'java/lang/NoSuchMethodError'{0x0000000710a1f3c8}: 'void java.lang.invoke.DirectMethodHandle$Holder.invokeStatic(java.lang.Object, java.lang.Object)'> (0x0000000710a1f3c8) 
thrown [s\open\src\hotspot\share\interpreter\linkResolver.cpp, line 766]
Event: 1.723 Thread 0x000002e01d4f35e0 Exception <a 'java/lang/NoSuchMethodError'{0x0000000710a778f8}: 'void java.lang.invoke.DirectMethodHandle$Holder.invokeVirtual(java.lang.Object, java.lang.Object)'> (0x0000000710a778f8) 
thrown [s\open\src\hotspot\share\interpreter\linkResolver.cpp, line 766]
Event: 1.741 Thread 0x000002e01e01d050 Exception <a 'java/lang/NoSuchMethodError'{0x0000000710a9abf8}: 'void java.lang.invoke.DirectMethodHandle$Holder.invokeStaticInit(java.lang.Object)'> (0x0000000710a9abf8) 
thrown [s\open\src\hotspot\share\interpreter\linkResolver.cpp, line 766]
Event: 2.001 Thread 0x000002e01e01d050 Exception <a 'java/lang/NoSuchMethodError'{0x0000000710990570}: 'int java.lang.invoke.DirectMethodHandle$Holder.invokeStatic(java.lang.Object)'> (0x0000000710990570) 
thrown [s\open\src\hotspot\share\interpreter\linkResolver.cpp, line 766]

VM Operations (20 events):
Event: 1.340 Executing VM operation: G1CollectForAllocation
Event: 1.345 Executing VM operation: G1CollectForAllocation done
Event: 1.525 Executing VM operation: HandshakeAllThreads
Event: 1.525 Executing VM operation: HandshakeAllThreads done
Event: 1.716 Executing VM operation: HandshakeAllThreads
Event: 1.716 Executing VM operation: HandshakeAllThreads done
Event: 1.768 Executing VM operation: ICBufferFull
Event: 1.768 Executing VM operation: ICBufferFull done
Event: 1.953 Executing VM operation: ICBufferFull
Event: 1.953 Executing VM operation: ICBufferFull done
Event: 1.985 Executing VM operation: HandshakeAllThreads
Event: 1.985 Executing VM operation: HandshakeAllThreads done
Event: 1.985 Executing VM operation: HandshakeAllThreads
Event: 1.985 Executing VM operation: HandshakeAllThreads done
Event: 2.018 Executing VM operation: HandshakeAllThreads
Event: 2.019 Executing VM operation: HandshakeAllThreads done
Event: 2.020 Executing VM operation: HandshakeAllThreads
Event: 2.020 Executing VM operation: HandshakeAllThreads done
Event: 2.205 Executing VM operation: HandshakeAllThreads
Event: 2.205 Executing VM operation: HandshakeAllThreads done

Events (20 events):
Event: 0.028 Thread 0x000002e07fced320 Thread added: 0x000002e07fced320
Event: 0.066 Thread 0x000002e01d1f7de0 Thread added: 0x000002e01d1f7de0
Event: 0.070 Thread 0x000002e01d1fa930 Thread added: 0x000002e01d1fa930
Event: 0.073 Loaded shared library C:\Program Files\Java\jdk-18.0.1.1\bin\net.dll
Event: 0.075 Loaded shared library C:\Program Files\Java\jdk-18.0.1.1\bin\nio.dll
Event: 0.077 Loaded shared library C:\Program Files\Java\jdk-18.0.1.1\bin\zip.dll
Event: 0.129 Loaded shared library C:\Program Files\Java\jdk-18.0.1.1\bin\jimage.dll
Event: 0.146 Loaded shared library C:\Program Files\Java\jdk-18.0.1.1\bin\awt.dll
Event: 0.201 Thread 0x000002e01d4f0020 Thread added: 0x000002e01d4f0020
Event: 0.202 Thread 0x000002e01d4f2d10 Thread added: 0x000002e01d4f2d10
Event: 0.204 Thread 0x000002e01d4f35e0 Thread added: 0x000002e01d4f35e0
Event: 0.306 Loaded shared library C:\Program Files\Java\jdk-18.0.1.1\bin\freetype.dll
Event: 0.307 Loaded shared library C:\Program Files\Java\jdk-18.0.1.1\bin\fontmanager.dll
Event: 0.372 Thread 0x000002e01e01d050 Thread added: 0x000002e01e01d050
Event: 0.372 Thread 0x000002e073ea3b40 Thread exited: 0x000002e073ea3b40
Event: 0.372 Thread 0x000002e073ea3b40 Thread added: 0x000002e073ea3b40
Event: 0.562 Loaded shared library C:\Program Files\Java\jdk-18.0.1.1\bin\verify.dll
Event: 0.728 Thread 0x000002e02e4352b0 Thread added: 0x000002e02e4352b0
Event: 0.736 Thread 0x000002e02e48bad0 Thread added: 0x000002e02e48bad0
Event: 2.009 Thread 0x000002e02fcad420 Thread added: 0x000002e02fcad420


Dynamic libraries:
0x00007ff6bcce0000 - 0x00007ff6bccf0000 	C:\Program Files\Java\jdk-18.0.1.1\bin\java.exe
0x00007ffdfeb90000 - 0x00007ffdfed88000 	C:\WINDOWS\SYSTEM32\ntdll.dll
0x00007ffdfd710000 - 0x00007ffdfd7cf000 	C:\WINDOWS\System32\KERNEL32.DLL
0x00007ffdfc670000 - 0x00007ffdfc966000 	C:\WINDOWS\System32\KERNELBASE.dll
0x00007ffdfc400000 - 0x00007ffdfc500000 	C:\WINDOWS\System32\ucrtbase.dll
0x00007ffdf3a10000 - 0x00007ffdf3a2a000 	C:\Program Files\Java\jdk-18.0.1.1\bin\VCRUNTIME140.dll
0x00007ffdf6370000 - 0x00007ffdf6388000 	C:\Program Files\Java\jdk-18.0.1.1\bin\jli.dll
0x00007ffdfe9f0000 - 0x00007ffdfea9f000 	C:\WINDOWS\System32\ADVAPI32.dll
0x00007ffdfd060000 - 0x00007ffdfd0fe000 	C:\WINDOWS\System32\msvcrt.dll
0x00007ffdfd5a0000 - 0x00007ffdfd63c000 	C:\WINDOWS\System32\sechost.dll
0x00007ffdfd100000 - 0x00007ffdfd226000 	C:\WINDOWS\System32\RPCRT4.dll
0x00007ffdfd320000 - 0x00007ffdfd4bd000 	C:\WINDOWS\System32\USER32.dll
0x00007ffde3f80000 - 0x00007ffde421a000 	C:\WINDOWS\WinSxS\amd64_microsoft.windows.common-controls_6595b64144ccf1df_6.0.19041.1110_none_60b5254171f9507e\COMCTL32.dll
0x00007ffdfc270000 - 0x00007ffdfc292000 	C:\WINDOWS\System32\win32u.dll
0x00007ffdfd570000 - 0x00007ffdfd59c000 	C:\WINDOWS\System32\GDI32.dll
0x00007ffdfcad0000 - 0x00007ffdfcbe5000 	C:\WINDOWS\System32\gdi32full.dll
0x00007ffdfc9c0000 - 0x00007ffdfca5d000 	C:\WINDOWS\System32\msvcp_win.dll
0x00007ffdf3200000 - 0x00007ffdf320a000 	C:\WINDOWS\SYSTEM32\VERSION.dll
0x00007ffdfeaa0000 - 0x00007ffdfead0000 	C:\WINDOWS\System32\IMM32.DLL
0x00007ffdf8030000 - 0x00007ffdf803c000 	C:\Program Files\Java\jdk-18.0.1.1\bin\vcruntime140_1.dll
0x00007ffdd2fe0000 - 0x00007ffdd306d000 	C:\Program Files\Java\jdk-18.0.1.1\bin\msvcp140.dll
0x00007ffdbad90000 - 0x00007ffdbb9a0000 	C:\Program Files\Java\jdk-18.0.1.1\bin\server\jvm.dll
0x00007ffdfe9e0000 - 0x00007ffdfe9e8000 	C:\WINDOWS\System32\PSAPI.DLL
0x00007ffdf2470000 - 0x00007ffdf2497000 	C:\WINDOWS\SYSTEM32\WINMM.dll
0x00007ffde1770000 - 0x00007ffde1779000 	C:\WINDOWS\SYSTEM32\WSOCK32.dll
0x00007ffdfe840000 - 0x00007ffdfe8ab000 	C:\WINDOWS\System32\WS2_32.dll
0x00007ffdfa060000 - 0x00007ffdfa072000 	C:\WINDOWS\SYSTEM32\kernel.appcore.dll
0x00007ffdf7980000 - 0x00007ffdf798a000 	C:\Program Files\Java\jdk-18.0.1.1\bin\jimage.dll
0x00007ffdec0f0000 - 0x00007ffdec2d4000 	C:\WINDOWS\SYSTEM32\DBGHELP.DLL
0x00007ffde2c80000 - 0x00007ffde2cb4000 	C:\WINDOWS\SYSTEM32\dbgcore.DLL
0x00007ffdfc500000 - 0x00007ffdfc582000 	C:\WINDOWS\System32\bcryptPrimitives.dll
0x00007ffdec000000 - 0x00007ffdec025000 	C:\Program Files\Java\jdk-18.0.1.1\bin\java.dll
0x00007ffdd45f0000 - 0x00007ffdd46c6000 	C:\Program Files\Java\jdk-18.0.1.1\bin\jsvml.dll
0x00007ffdfd950000 - 0x00007ffdfe094000 	C:\WINDOWS\System32\SHELL32.dll
0x00007ffdfa340000 - 0x00007ffdfaad4000 	C:\WINDOWS\SYSTEM32\windows.storage.dll
0x00007ffdfe360000 - 0x00007ffdfe6b4000 	C:\WINDOWS\System32\combase.dll
0x00007ffdfbc30000 - 0x00007ffdfbc5e000 	C:\WINDOWS\SYSTEM32\Wldp.dll
0x00007ffdfe2b0000 - 0x00007ffdfe35d000 	C:\WINDOWS\System32\SHCORE.dll
0x00007ffdfd230000 - 0x00007ffdfd285000 	C:\WINDOWS\System32\shlwapi.dll
0x00007ffdfc1a0000 - 0x00007ffdfc1c5000 	C:\WINDOWS\SYSTEM32\profapi.dll
0x00007ffdeb390000 - 0x00007ffdeb3a3000 	C:\Program Files\Java\jdk-18.0.1.1\bin\net.dll
0x00007ffdf4470000 - 0x00007ffdf457a000 	C:\WINDOWS\SYSTEM32\WINHTTP.dll
0x00007ffdfb940000 - 0x00007ffdfb9aa000 	C:\WINDOWS\system32\mswsock.dll
0x00007ffde9b60000 - 0x00007ffde9b76000 	C:\Program Files\Java\jdk-18.0.1.1\bin\nio.dll
0x00007ffde9880000 - 0x00007ffde9898000 	C:\Program Files\Java\jdk-18.0.1.1\bin\zip.dll
0x00007ffdbc7f0000 - 0x00007ffdbc97f000 	C:\Program Files\Java\jdk-18.0.1.1\bin\awt.dll
0x00007ffdfd640000 - 0x00007ffdfd70d000 	C:\WINDOWS\System32\OLEAUT32.dll
0x00007ffdf9ac0000 - 0x00007ffdf9b51000 	C:\WINDOWS\SYSTEM32\apphelp.dll
0x00007ffdf9c70000 - 0x00007ffdf9d0e000 	C:\WINDOWS\system32\uxtheme.dll
0x00007ffdfe6c0000 - 0x00007ffdfe7d4000 	C:\WINDOWS\System32\MSCTF.dll
0x00007ffdfe8b0000 - 0x00007ffdfe9da000 	C:\WINDOWS\System32\ole32.dll
0x00007ffdfa030000 - 0x00007ffdfa05f000 	C:\WINDOWS\system32\DWMAPI.DLL
0x00007ffdd2ca0000 - 0x00007ffdd2d29000 	C:\Program Files\Java\jdk-18.0.1.1\bin\freetype.dll
0x00007ffdd2bf0000 - 0x00007ffdd2c98000 	C:\Program Files\Java\jdk-18.0.1.1\bin\fontmanager.dll
0x00007ffd7e100000 - 0x00007ffd7e225000 	C:\WINDOWS\system32\opengl32.dll
0x00007ffd7dc10000 - 0x00007ffd7dc3c000 	C:\WINDOWS\SYSTEM32\GLU32.dll
0x00007ffd9c7c0000 - 0x00007ffd9c98d000 	C:\WINDOWS\system32\d3d9.dll
0x00007ffdf24a0000 - 0x00007ffdf265b000 	C:\WINDOWS\System32\DriverStore\FileRepository\u0393367.inf_amd64_6fba1387e8658583\B393268\aticfx64.dll
0x00007ffd778e0000 - 0x00007ffd7a7a1000 	C:\WINDOWS\System32\DriverStore\FileRepository\u0393367.inf_amd64_6fba1387e8658583\B393268\amdxn64.dll
0x00007ffdfcbf0000 - 0x00007ffdfd05e000 	C:\WINDOWS\System32\SETUPAPI.dll
0x00007ffdfc970000 - 0x00007ffdfc9be000 	C:\WINDOWS\System32\cfgmgr32.dll
0x00007ffdfc590000 - 0x00007ffdfc5b7000 	C:\WINDOWS\System32\bcrypt.dll
0x00007ffdfab20000 - 0x00007ffdfac13000 	C:\WINDOWS\SYSTEM32\dxgi.dll
0x00007ffdecb00000 - 0x00007ffdecb35000 	C:\WINDOWS\SYSTEM32\amdihk64.dll
0x00007ffdf32c0000 - 0x00007ffdf32fb000 	C:\WINDOWS\SYSTEM32\dxcore.dll
0x00007ffdf75a0000 - 0x00007ffdf75b0000 	C:\Program Files\Java\jdk-18.0.1.1\bin\verify.dll
0x00007ffdfd4c0000 - 0x00007ffdfd569000 	C:\WINDOWS\System32\clbcatq.dll
0x00007ffdf4580000 - 0x00007ffdf4734000 	C:\WINDOWS\SYSTEM32\WindowsCodecs.dll
0x00007ffdce9c0000 - 0x00007ffdce9fe000 	C:\WINDOWS\system32\dataexchange.dll
0x00007ffdf8f80000 - 0x00007ffdf9163000 	C:\WINDOWS\system32\dcomp.dll
0x00007ffdf8180000 - 0x00007ffdf83e3000 	C:\WINDOWS\system32\d3d11.dll
0x00007ffdf4d60000 - 0x00007ffdf4f67000 	C:\WINDOWS\system32\twinapi.appcore.dll
0x00007ffdeae50000 - 0x00007ffdeaf49000 	C:\WINDOWS\SYSTEM32\textinputframework.dll
0x00007ffdf9850000 - 0x00007ffdf9942000 	C:\WINDOWS\System32\CoreMessaging.dll
0x00007ffdf94f0000 - 0x00007ffdf984e000 	C:\WINDOWS\System32\CoreUIComponents.dll
0x00007ffdfb380000 - 0x00007ffdfb3b3000 	C:\WINDOWS\SYSTEM32\ntmarta.dll
0x00007ffdf8e10000 - 0x00007ffdf8f64000 	C:\WINDOWS\SYSTEM32\wintypes.dll

dbghelp: loaded successfully - version: 4.0.5 - missing functions: none
symbol engine: initialized successfully - sym options: 0x614 - pdb path: .;C:\Program Files\Java\jdk-18.0.1.1\bin;C:\WINDOWS\SYSTEM32;C:\WINDOWS\WinSxS\amd64_microsoft.windows.common-controls_6595b64144ccf1df_6.0.19041.1110_none_60b5254171f9507e;C:\Program Files\Java\jdk-18.0.1.1\bin\server;C:\WINDOWS\System32\DriverStore\FileRepository\u0393367.inf_amd64_6fba1387e8658583\B393268

VM Arguments:
jvm_args: -Dfile.encoding=UTF-8 
java_command: vista.grafoejemplo.FrmEnvio
java_class_path (initial): C:\Users\Gonzalez G\OneDrive\Desktop\Wilson Gonzalez\3 Ciclo\Estructura de Datos\Talleres\Practica nro 3\CLaseN1EDD\lib\absolutelayout\AbsoluteLayout.jar;C:\Users\Gonzalez G\OneDrive\Desktop\Wilson Gonzalez\3 Ciclo\Estructura de Datos\Talleres\Practica nro 3\CLaseN1EDD\lib\activation-1.1.1.jar;C:\Users\Gonzalez G\OneDrive\Desktop\Wilson Gonzalez\3 Ciclo\Estructura de Datos\Talleres\Practica nro 3\CLaseN1EDD\lib\cglib-nodep-2.2.jar;C:\Users\Gonzalez G\OneDrive\Desktop\Wilson Gonzalez\3 Ciclo\Estructura de Datos\Talleres\Practica nro 3\CLaseN1EDD\lib\dom4j-1.6.1.jar;C:\Users\Gonzalez G\OneDrive\Desktop\Wilson Gonzalez\3 Ciclo\Estructura de Datos\Talleres\Practica nro 3\CLaseN1EDD\lib\jdom-1.1.3.jar;C:\Users\Gonzalez G\OneDrive\Desktop\Wilson Gonzalez\3 Ciclo\Estructura de Datos\Talleres\Practica nro 3\CLaseN1EDD\lib\jdom2-2.0.5.jar;C:\Users\Gonzalez G\OneDrive\Desktop\Wilson Gonzalez\3 Ciclo\Estructura de Datos\Talleres\Practica nro 3\CLaseN1EDD\lib\jettison-1.2.jar;C:\Users\Gonzalez G\OneDrive\Desktop\Wilson Gonzalez\3 Ciclo\Estructura de Datos\Talleres\Practica nro 3\CLaseN1EDD\lib\joda-time-1.6.jar;C:\Users\Gonzalez G\OneDrive\Desktop\Wilson Gonzalez\3 Ciclo\Estructura de Datos\Talleres\Practica nro 3\CLaseN1EDD\lib\kxml2-min-2.3.0.jar;C:\Users\Gonzalez G\OneDrive\Desktop\Wilson Gonzalez\3 Ciclo\Estructura de Datos\Talleres\Practica nro 3\CLaseN1EDD\lib\mxparser-1.2.2.jar;C:\Users\Gonzalez G\OneDrive\Desktop\Wilson Gonzalez\3 Ciclo\Estructura de Datos\Talleres\Practica nro 3\CLaseN1EDD\lib\stax-1.2.0.jar;C:\Users\Gonzalez G\OneDrive\Desktop\Wilson Gonzalez\3 Ciclo\Estructura de Datos\Talleres\Practica nro 3\CLaseN1EDD\lib\stax-api-1.0.1.jar;C:\Users\Gonzalez G\OneDrive\Desktop\Wilson Gonzalez\3 Ciclo\Estructura de Datos\Talleres\Practica nro 3\CLaseN1EDD\lib\stax2-api-4.2.jar;C:\Users\Gonzalez G\OneDrive\Desktop\Wilson Gonzalez\3 Ciclo\Estructura de Datos\Talleres\Practica nro 3\CLaseN1EDD\lib\woodstox-core-5.4.0.jar;C:\Users\Gonzalez G\OneDrive\Desktop\Wilson Gonzalez\3 Ciclo\Estructura de Datos\Talleres\Practica nro 3\CLaseN1EDD\lib\xmlpull-1.1.3.1.jar;C:\Users\Gonzalez G\OneDrive\Desktop\Wilson Gonzalez\3 Ciclo\Estructura de Datos\Talleres\Practica nro 3\CLaseN1EDD\lib\xom-1.1.jar;C:\Users\Gonzalez G\OneDrive\Desktop\Wilson Gonzalez\3 Ciclo\Estructura de Datos\Talleres\Practica nro 3\CLaseN1EDD\lib\xpp3_min-1.1.4c.jar;C:\Users\Gonzalez G\OneDrive\Desktop\Wilson Gonzalez\3 Ciclo\Estructura de Datos\Talleres\Practica nro 3\CLaseN1EDD\lib\xstream-1.4.20;C:\Users\Gonzalez G\OneDrive\Desktop\Wilson Gonzalez\3 Ciclo\Estructura de Datos\Talleres\Practica nro 3\CLaseN1EDD\lib\xstream-1.4.20.jar;C:\Users\Gonzalez G\OneDrive\Desktop\Wilson Gonzalez\3 Ciclo\Estructura de Datos\Talleres\Practica nro 3\CLaseN1EDD\lib\xstream-benchmark-1.4.20.jar;C:\Users\Gonzalez G\OneDrive\Desktop\Wilson Gonzalez\3 Ciclo\Estructura de Datos\Talleres\Practica nro 3\CLaseN1EDD\lib\xstream-hibernate-1.4.20.jar;C:\Users\Gonzalez G\OneDrive\Desktop\Wilson Gonzalez\3 Ciclo\Estructura de Datos\Talleres\Practica nro 3\CLaseN1EDD\lib\xstream-jmh-1.4.20.jar;C:\Users\Gonzalez G\OneDrive\Desktop\Wilson Gonzalez\3 Ciclo\Estructura de Datos\Talleres\Practica nro 3\CLaseN1EDD\lib\jgraphx.jar;C:\Users\Gonzalez G\OneDrive\Desktop\Wilson Gonzalez\3 Ciclo\Estructura de Datos\Talleres\Practica nro 3\CLaseN1EDD\build\classes
Launcher Type: SUN_STANDARD

[Global flags]
     intx CICompilerCount                          = 4                                         {product} {ergonomic}
     uint ConcGCThreads                            = 2                                         {product} {ergonomic}
     uint G1ConcRefinementThreads                  = 8                                         {product} {ergonomic}
   size_t G1HeapRegionSize                         = 2097152                                   {product} {ergonomic}
    uintx GCDrainStackTargetSize                   = 64                                        {product} {ergonomic}
   size_t InitialHeapSize                          = 268435456                                 {product} {ergonomic}
   size_t MarkStackSize                            = 4194304                                   {product} {ergonomic}
   size_t MaxHeapSize                              = 4276092928                                {product} {ergonomic}
   size_t MaxNewSize                               = 2564816896                                {product} {ergonomic}
   size_t MinHeapDeltaBytes                        = 2097152                                   {product} {ergonomic}
   size_t MinHeapSize                              = 8388608                                   {product} {ergonomic}
    uintx NonNMethodCodeHeapSize                   = 5839372                                {pd product} {ergonomic}
    uintx NonProfiledCodeHeapSize                  = 122909434                              {pd product} {ergonomic}
    uintx ProfiledCodeHeapSize                     = 122909434                              {pd product} {ergonomic}
    uintx ReservedCodeCacheSize                    = 251658240                              {pd product} {ergonomic}
     bool SegmentedCodeCache                       = true                                      {product} {ergonomic}
   size_t SoftMaxHeapSize                          = 4276092928                             {manageable} {ergonomic}
     bool UseCompressedClassPointers               = true                           {product lp64_product} {ergonomic}
     bool UseCompressedOops                        = true                           {product lp64_product} {ergonomic}
     bool UseG1GC                                  = true                                      {product} {ergonomic}
     bool UseLargePagesIndividualAllocation        = false                                  {pd product} {ergonomic}

Logging:
Log output configuration:
 #0: stdout all=warning uptime,level,tags foldmultilines=false
 #1: stderr all=off uptime,level,tags foldmultilines=false

Environment Variables:
PATH=C:\Program Files (x86)\Windows Resource Kits\Tools\;E:\Apliaciones\dbhomeXE\bin;C:\Program Files\Common Files\Oracle\Java\javapath;C:\Program Files (x86)\Common Files\Oracle\Java\javapath;C:\WINDOWS\system32;C:\WINDOWS;C:\WINDOWS\System32\Wbem;C:\WINDOWS\System32\WindowsPowerShell\v1.0\;C:\WINDOWS\System32\OpenSSH\;C:\Program Files\dotnet\;E:\New Folder\common;C:\Program Files (x86)\dotnet\;C:\Program Files\MySQL\MySQL Shell 8.0\bin\;C:\Users\Gonzalez G\AppData\Local\Microsoft\WindowsApps;C:\Users\Gonzalez G\.dotnet\tools;C:\Users\Gonzalez G\AppData\Local\GitHubDesktop\bin;C:\Users\Gonzalez G\AppData\Local\Programs\Microsoft VS Code\bin
USERNAME=Gonzalez G
OS=Windows_NT
PROCESSOR_IDENTIFIER=AMD64 Family 23 Model 24 Stepping 1, AuthenticAMD



---------------  S Y S T E M  ---------------

OS:
 Windows 10 , 64 bit Build 19041 (10.0.19041.3155)
OS uptime: 0 days 8:01 hours

CPU: total 8 (initial active 8) (8 cores per cpu, 2 threads per core) family 23 model 24 stepping 1 microcode 0x0, cx8, cmov, fxsr, ht, mmx, 3dnowpref, sse, sse2, sse3, ssse3, sse4a, sse4.1, sse4.2, popcnt, lzcnt, tsc, tscinvbit, avx, avx2, aes, clmul, bmi1, bmi2, adx, sha, fma, vzeroupper, clflush, clflushopt

Memory: 4k page, system-wide physical 16309M (3835M free)
TotalPageFile size 31309M (AvailPageFile size 2M)
current process WorkingSet (physical memory assigned to process): 179M, peak: 179M
current process commit charge ("private bytes"): 476M, peak: 476M

vm_info: Java HotSpot(TM) 64-Bit Server VM (18.0.1.1+2-6) for windows-amd64 JRE (18.0.1.1+2-6), built on Apr 25 2022 21:53:15 by "mach5one" with MS VC++ 16.8 / 16.9 (VS2019)

END.
